<?xml version="1.0" encoding="UTF-8"?>
<!-- Generated by org.testng.reporters.JUnitReportReporter -->
<testsuite hostname="DESKTOP-4L5MQVE" failures="0" tests="1" name="com.crm.organization.CreateOrganizationAssigmentTest" time="55.277" errors="0" timestamp="19 Jun 2022 15:33:16 GMT" skipped="0">
  <testcase classname="com.crm.organization.CreateOrganizationAssigmentTest" name="createOrganizationAssigmentTest" time="55.277"/>
</testsuite> <!-- com.crm.organization.CreateOrganizationAssigmentTest -->
