<?xml version="1.0" encoding="UTF-8"?>
<!-- Generated by org.testng.reporters.JUnitReportReporter -->
<testsuite hostname="DESKTOP-4L5MQVE" failures="0" tests="1" name="com.crm.contactGroup.Vitger.CreateContactGroupTest" time="33.737" errors="0" timestamp="23 Jun 2022 07:44:02 GMT" skipped="0">
  <testcase classname="com.crm.contactGroup.Vitger.CreateContactGroupTest" name="createContactGroupTest" time="33.737"/>
</testsuite> <!-- com.crm.contactGroup.Vitger.CreateContactGroupTest -->
