<?xml version="1.0" encoding="UTF-8"?>
<!-- Generated by org.testng.reporters.JUnitReportReporter -->
<testsuite hostname="DESKTOP-4L5MQVE" failures="0" tests="1" name="com.crm.contactGroup.Vitger.CreateContactOrganisationTest" time="45.081" errors="0" timestamp="19 Jun 2022 15:33:16 GMT" skipped="0">
  <testcase classname="com.crm.contactGroup.Vitger.CreateContactOrganisationTest" name="createContactOrganisationTest" time="45.081"/>
</testsuite> <!-- com.crm.contactGroup.Vitger.CreateContactOrganisationTest -->
