<?xml version="1.0" encoding="UTF-8"?>
<!-- Generated by org.testng.reporters.JUnitReportReporter -->
<testsuite hostname="DESKTOP-4L5MQVE" failures="0" tests="4" name="practice.Animals" time="0.021" errors="0" timestamp="13 Jun 2022 11:26:14 GMT" skipped="1">
  <testcase classname="practice.Animals" name="ratTest" time="0.016"/>
  <testcase classname="practice.Animals" name="dogTest" time="0.003"/>
  <testcase classname="practice.Animals" name="dogTest" time="0.002"/>
  <testcase classname="practice.Animals" name="elephantTest">
    <skipped/>
  </testcase> <!-- elephantTest -->
</testsuite> <!-- practice.Animals -->
