<?xml version="1.0" encoding="UTF-8"?>
<!-- Generated by org.testng.reporters.JUnitReportReporter -->
<testsuite hostname="DESKTOP-4L5MQVE" failures="0" tests="1" name="com.crm.organization.CreateOraganizationWithIndustryTest" time="44.751" errors="0" timestamp="19 Jun 2022 15:33:16 GMT" skipped="0">
  <testcase classname="com.crm.organization.CreateOraganizationWithIndustryTest" name="createOraganizationWithIndustryTest" time="44.751"/>
</testsuite> <!-- com.crm.organization.CreateOraganizationWithIndustryTest -->
