<?xml version="1.0" encoding="UTF-8"?>
<!-- Generated by org.testng.reporters.JUnitReportReporter -->
<testsuite hostname="DESKTOP-4L5MQVE" failures="0" tests="1" name="com.crm.product.Vtiger.CreateProductCampaginTest" time="27.598" errors="0" timestamp="14 Jun 2022 12:45:31 GMT" skipped="0">
  <testcase classname="com.crm.product.Vtiger.CreateProductCampaginTest" name="CreateProductCampaginTest" time="27.598"/>
</testsuite> <!-- com.crm.product.Vtiger.CreateProductCampaginTest -->
