<?xml version="1.0" encoding="UTF-8"?>
<!-- Generated by org.testng.reporters.JUnitReportReporter -->
<testsuite hostname="DESKTOP-4L5MQVE" failures="0" tests="1" name="practice.BookingTest" time="0.000" errors="0" timestamp="14 Jun 2022 08:05:57 GMT" skipped="1">
  <testcase classname="practice.BookingTest" name="BookingTicketTest" time="0.000">
    <skipped/>
  </testcase> <!-- BookingTicketTest -->
</testsuite> <!-- practice.BookingTest -->
